nohup: ignoring input
training time: 11.362825155258179
cv: 10

[0.5947762725779968, 65, 34, 47, 53]

{'tokenizer__min_df': 36, 'tokenizer__ngram_range': (2, 2)}

+-----------------+--------------------+--------------------+
|                 | Predicted Negative | Predicted Positive |
+-----------------+--------------------+--------------------+
| Actual Negative |         53         |         47         |
| Actual Positive |         34         |         65         |
+-----------------+--------------------+--------------------+

words: 1365
/home/neubauer/bayes/venv/lib64/python3.8/site-packages/sklearn/feature_extraction/text.py:525: UserWarning: The parameter 'token_pattern' will not be used since 'tokenizer' is not None'
  warnings.warn(
/home/neubauer/bayes/venv/lib64/python3.8/site-packages/sklearn/feature_extraction/text.py:525: UserWarning: The parameter 'token_pattern' will not be used since 'tokenizer' is not None'
  warnings.warn(
/home/neubauer/bayes/venv/lib64/python3.8/site-packages/sklearn/feature_extraction/text.py:525: UserWarning: The parameter 'token_pattern' will not be used since 'tokenizer' is not None'
  warnings.warn(
/home/neubauer/bayes/venv/lib64/python3.8/site-packages/sklearn/feature_extraction/text.py:525: UserWarning: The parameter 'token_pattern' will not be used since 'tokenizer' is not None'
  warnings.warn(
/home/neubauer/bayes/venv/lib64/python3.8/site-packages/sklearn/feature_extraction/text.py:525: UserWarning: The parameter 'token_pattern' will not be used since 'tokenizer' is not None'
  warnings.warn(
/home/neubauer/bayes/venv/lib64/python3.8/site-packages/sklearn/feature_extraction/text.py:525: UserWarning: The parameter 'token_pattern' will not be used since 'tokenizer' is not None'
  warnings.warn(
/home/neubauer/bayes/venv/lib64/python3.8/site-packages/sklearn/feature_extraction/text.py:525: UserWarning: The parameter 'token_pattern' will not be used since 'tokenizer' is not None'
  warnings.warn(
/home/neubauer/bayes/venv/lib64/python3.8/site-packages/sklearn/feature_extraction/text.py:525: UserWarning: The parameter 'token_pattern' will not be used since 'tokenizer' is not None'
  warnings.warn(
/home/neubauer/bayes/venv/lib64/python3.8/site-packages/sklearn/feature_extraction/text.py:525: UserWarning: The parameter 'token_pattern' will not be used since 'tokenizer' is not None'
  warnings.warn(
/home/neubauer/bayes/venv/lib64/python3.8/site-packages/sklearn/feature_extraction/text.py:525: UserWarning: The parameter 'token_pattern' will not be used since 'tokenizer' is not None'
  warnings.warn(
